<?xml version="1.0" encoding="UTF-8"?>
<!-- Generated by org.testng.reporters.JUnitXMLReporter -->
<testsuite ignored="0" hostname="LAPTOP-A5PG7G9H" failures="0" tests="1" name="Test(failed)" time="0.121" errors="0" timestamp="2023-02-27T19:00:54 IST">
  <testcase classname="TestClass.TestBaseClass" name="@BeforeMethod setUp" time="-1.677504654253E9">
    <failure type="org.testng.TestNGException" message="
Parameter &amp;apos;browserName&amp;apos; is required by BeforeMethod on method setUp but has not been marked @Optional or defined
in C:\Users\MANOJ GAVALI\eclipse-workspace\Manoj\test-output\testng-failed.xml">
      <![CDATA[org.testng.TestNGException: 
Parameter 'browserName' is required by BeforeMethod on method setUp but has not been marked @Optional or defined
in C:\Users\MANOJ GAVALI\eclipse-workspace\Manoj\test-output\testng-failed.xml
at java.base/java.util.ArrayList.forEach(ArrayList.java:1511)
... Removed 28 stack frames]]>
    </failure>
  </testcase> <!-- @BeforeMethod setUp -->
  <testcase classname="TestClass.TestBaseClass" name="@AfterMethod tearDown" time="-1.677504654295E9">
    <skipped/>
  </testcase> <!-- @AfterMethod tearDown -->
  <testcase classname="TestClass.TC01_VerifyLoginFunctionality" name="verifyLoginFunctionality" time="0.0">
    <skipped/>
  </testcase> <!-- verifyLoginFunctionality -->
</testsuite> <!-- Test(failed) -->
